<?xml version="1.0" encoding="UTF-8"?>
<!-- Generated by org.testng.reporters.JUnitXMLReporter -->
<testsuite ignored="0" hostname="manishs-MacBook-Air.local" failures="1" tests="1" name="Test" time="31.359" errors="0" timestamp="2023-08-22T19:23:59 IST">
  <testcase classname="com.ebankingprpject.TestCases.TC_003_RegistrationTest" name="test_account_Registration" time="18.423">
    <failure type="java.lang.AssertionError" message="null">
      <![CDATA[java.lang.AssertionError: null
at com.ebankingprpject.TestCases.TC_003_RegistrationTest.test_account_Registration(TC_003_RegistrationTest.java:37)
at java.base/java.util.ArrayList.forEach(ArrayList.java:1511)
... Removed 31 stack frames]]>
    </failure>
  </testcase> <!-- test_account_Registration -->
</testsuite> <!-- Test -->
